C51 COMPILER V9.60.0.0   FIBO                                                              04/15/2024 23:14:12 PAGE 1   


C51 COMPILER V9.60.0.0, COMPILATION OF MODULE FIBO
OBJECT MODULE PLACED IN .\Objects\fibo.obj
COMPILER INVOKED BY: C:\Keil_v5\C51\BIN\C51.EXE fibo.c OPTIMIZE(8,SPEED) BROWSE DEBUG OBJECTEXTEND PRINT(.\Listings\fibo
                    -.lst) TABS(2) OBJECT(.\Objects\fibo.obj)

line level    source

   1          #include <reg51.h>
   2          
   3          void fibonacci(int n){
   4   1          unsigned int a=0, b=1, c;
   5   1          int i, j, k;
   6   1          for(i=0; i<n; i++){
   7   2              if(i<=1)
   8   2                  c=i;
   9   2              else
  10   2              {
  11   3                  
  12   3                  a = b;
  13   3                  b = c;
  14   3                  c = a + b ;
  15   3                  P3=c;
  16   3              }
  17   2              //P3 = c;
  18   2              
  19   2              for(j=0; j<10000; j++){
  20   3                  for(k=0; k<100; k++);
  21   3              }
  22   2              
  23   2          } 
  24   1      }
  25              
  26          void main(){
  27   1          unsigned int input;
  28   1          while(1){
  29   2              input = P1;
  30   2              fibonacci(input);
  31   2          }
  32   1      }


MODULE INFORMATION:   STATIC OVERLAYABLE
   CODE SIZE        =    117    ----
   CONSTANT SIZE    =   ----    ----
   XDATA SIZE       =   ----    ----
   PDATA SIZE       =   ----    ----
   DATA SIZE        =   ----       8
   IDATA SIZE       =   ----    ----
   BIT SIZE         =   ----    ----
END OF MODULE INFORMATION.


C51 COMPILATION COMPLETE.  0 WARNING(S),  0 ERROR(S)
