C51 COMPILER V9.60.0.0   SORT                                                              04/15/2024 23:46:16 PAGE 1   


C51 COMPILER V9.60.0.0, COMPILATION OF MODULE SORT
OBJECT MODULE PLACED IN .\Objects\sort.obj
COMPILER INVOKED BY: C:\Keil_v5\C51\BIN\C51.EXE sort.c OPTIMIZE(8,SPEED) BROWSE DEBUG OBJECTEXTEND PRINT(.\Listings\sort
                    -.lst) TABS(2) OBJECT(.\Objects\sort.obj)

line level    source

   1          #include <reg51.h>
   2          
   3          #define delay_ms 150
   4          
   5          void delay(unsigned int milliseconds)
   6          {
   7   1          unsigned int i, j;
   8   1          for(i=0; i<milliseconds; i++)
   9   1              for(j=0; j<1275; j++);
  10   1      }
  11          
  12          void swap(int *xp, int *yp)
  13          {
  14   1          int t = *xp;
  15   1          *xp = *yp;
  16   1          *yp = t;
  17   1      }
  18          
  19          void srt(int arr[], int n){
  20   1          int i, j;
  21   1          for(i=0; i<n-1; i++){
  22   2              for(j=0; j<n-i-1; j++){
  23   3                  if(arr[j]>arr[j+1])
  24   3                      swap(&arr[j], &arr[j+1]);
  25   3              }
  26   2          }
  27   1      }
  28          
  29          void main(){
  30   1          int arr[] = {5, 2, 8, 3, 1};
  31   1          int n=sizeof(arr)/sizeof(arr[0]);
  32   1          int i=0;
  33   1            
  34   1          srt(arr, n);
  35   1          while(1) {
  36   2              for(i=0; i<n; i++){
  37   3                  P0 = arr[i];
  38   3                  P1 = arr[i+1];
  39   3                  P2 = arr[i+2];
  40   3                  P3 = arr[i+3];
  41   3                  delay(150);
  42   3              }
  43   2          }
  44   1      }


MODULE INFORMATION:   STATIC OVERLAYABLE
   CODE SIZE        =    434    ----
   CONSTANT SIZE    =     10    ----
   XDATA SIZE       =   ----    ----
   PDATA SIZE       =   ----    ----
   DATA SIZE        =   ----      29
   IDATA SIZE       =   ----    ----
   BIT SIZE         =   ----    ----
C51 COMPILER V9.60.0.0   SORT                                                              04/15/2024 23:46:16 PAGE 2   

END OF MODULE INFORMATION.


C51 COMPILATION COMPLETE.  0 WARNING(S),  0 ERROR(S)
